time="2024-12-04T11:51:52+02:00" level=info msg="read app config" func="goresizer.com/m/internal/config.GetConfig.func1()" file="config.go:41"
time="2024-12-04T11:51:52+02:00" level=info func="goresizer.com/m/internal/config.GetConfig.func1()" file="config.go:45"
time="2024-12-04T11:51:52+02:00" level=fatal msg="open config.yml: no such file or directory" func="goresizer.com/m/internal/config.GetConfig.func1()" file="config.go:46"
time="2024-12-04T11:52:55+02:00" level=info msg="read app config" func="goresizer.com/m/internal/config.GetConfig.func1()" file="config.go:41"
time="2024-12-04T11:52:55+02:00" level=info func="goresizer.com/m/internal/config.GetConfig.func1()" file="config.go:45"
time="2024-12-04T11:52:55+02:00" level=fatal msg="open config.yml: no such file or directory" func="goresizer.com/m/internal/config.GetConfig.func1()" file="config.go:46"
time="2024-12-04T11:57:27+02:00" level=info msg="read app config" func="goresizer.com/m/internal/config.GetConfig.func1()" file="config.go:43"
time="2024-12-04T11:57:27+02:00" level=info msg="Looking for config file at: /tmp/go-build3214232027/b001/exe/config.yml" func="goresizer.com/m/internal/config.GetConfig.func1()" file="config.go:53"
time="2024-12-04T11:57:27+02:00" level=info func="goresizer.com/m/internal/config.GetConfig.func1()" file="config.go:57"
time="2024-12-04T11:57:27+02:00" level=fatal msg="open /tmp/go-build3214232027/b001/exe/config.yml: no such file or directory" func="goresizer.com/m/internal/config.GetConfig.func1()" file="config.go:58"
time="2024-12-04T11:58:24+02:00" level=info msg="read app config" func="goresizer.com/m/internal/config.GetConfig.func1()" file="config.go:43"
time="2024-12-04T11:58:24+02:00" level=info msg="Looking for config file at: /tmp/go-build2641243649/b001/exe/config.yml" func="goresizer.com/m/internal/config.GetConfig.func1()" file="config.go:53"
time="2024-12-04T11:58:24+02:00" level=info func="goresizer.com/m/internal/config.GetConfig.func1()" file="config.go:57"
time="2024-12-04T11:58:24+02:00" level=fatal msg="open /tmp/go-build2641243649/b001/exe/config.yml: no such file or directory" func="goresizer.com/m/internal/config.GetConfig.func1()" file="config.go:58"
time="2024-12-04T12:01:17+02:00" level=info msg="read app config" func="goresizer.com/m/internal/config.GetConfig.func1()" file="config.go:43"
time="2024-12-04T12:01:17+02:00" level=info msg="Looking for config file at: /tmp/go-build3813893362/b001/config.yml" func="goresizer.com/m/internal/config.GetConfig.func1()" file="config.go:54"
time="2024-12-04T12:01:17+02:00" level=info func="goresizer.com/m/internal/config.GetConfig.func1()" file="config.go:58"
time="2024-12-04T12:01:17+02:00" level=fatal msg="open /tmp/go-build3813893362/b001/config.yml: no such file or directory" func="goresizer.com/m/internal/config.GetConfig.func1()" file="config.go:59"
time="2024-12-04T12:01:49+02:00" level=info msg="read app config" func="goresizer.com/m/internal/config.GetConfig.func1()" file="config.go:43"
time="2024-12-04T12:01:49+02:00" level=info msg="Looking for config file at: /tmp/go-build1391020976/b001/config.yml" func="goresizer.com/m/internal/config.GetConfig.func1()" file="config.go:54"
time="2024-12-04T12:01:49+02:00" level=info func="goresizer.com/m/internal/config.GetConfig.func1()" file="config.go:58"
time="2024-12-04T12:01:49+02:00" level=fatal msg="open /tmp/go-build1391020976/b001/config.yml: no such file or directory" func="goresizer.com/m/internal/config.GetConfig.func1()" file="config.go:59"
time="2024-12-04T12:05:47+02:00" level=info msg="read app config" func="goresizer.com/m/internal/config.GetConfig.func1()" file="config.go:43"
time="2024-12-04T12:05:47+02:00" level=info msg="Looking for config file at: /tmp/go-build4168320648/b001/config.yml" func="goresizer.com/m/internal/config.GetConfig.func1()" file="config.go:54"
time="2024-12-04T12:05:47+02:00" level=info func="goresizer.com/m/internal/config.GetConfig.func1()" file="config.go:58"
time="2024-12-04T12:05:47+02:00" level=fatal msg="open /tmp/go-build4168320648/b001/config.yml: no such file or directory" func="goresizer.com/m/internal/config.GetConfig.func1()" file="config.go:59"
time="2024-12-04T12:06:09+02:00" level=info msg="read app config" func="goresizer.com/m/internal/config.GetConfig.func1()" file="config.go:43"
time="2024-12-04T12:06:09+02:00" level=info msg="Looking for config file at: /tmp/go-build3869006282/b001/config.yml" func="goresizer.com/m/internal/config.GetConfig.func1()" file="config.go:54"
time="2024-12-04T12:06:09+02:00" level=info func="goresizer.com/m/internal/config.GetConfig.func1()" file="config.go:58"
time="2024-12-04T12:06:09+02:00" level=fatal msg="open /tmp/go-build3869006282/b001/config.yml: no such file or directory" func="goresizer.com/m/internal/config.GetConfig.func1()" file="config.go:59"
time="2024-12-04T12:12:26+02:00" level=info msg="read app config" func="goresizer.com/m/internal/config.GetConfig.func1()" file="config.go:41"
time="2024-12-04T12:12:26+02:00" level=info func="goresizer.com/m/internal/config.GetConfig.func1()" file="config.go:45"
time="2024-12-04T12:12:26+02:00" level=fatal msg="open config.yml: no such file or directory" func="goresizer.com/m/internal/config.GetConfig.func1()" file="config.go:46"
time="2024-12-04T12:14:37+02:00" level=info msg="read app config" func="goresizer.com/m/internal/config.GetConfig.func1()" file="config.go:41"
