time="2024-12-03T15:30:57+02:00" level=info msg="create router" func="main.main()" file="main.go:24"
time="2024-12-03T15:30:57+02:00" level=info msg="read app config" func="goresizer.com/m/internal/config.GetConfig.func1()" file="config.go:28"
time="2024-12-03T15:30:57+02:00" level=debug msg="create user" func="goresizer.com/m/internal/user/db.(*db).Create()" file="mongodb.go:22"
time="2024-12-03T15:30:57+02:00" level=debug msg="cinver InsertedID to ObjectID" func="goresizer.com/m/internal/user/db.(*db).Create()" file="mongodb.go:28"
time="2024-12-03T15:30:57+02:00" level=info msg=674f0811733fd9a70d534a51 func="main.main()" file="main.go:45"
time="2024-12-03T15:31:46+02:00" level=info msg="create router" func="main.main()" file="main.go:24"
time="2024-12-03T15:31:46+02:00" level=info msg="read app config" func="goresizer.com/m/internal/config.GetConfig.func1()" file="config.go:28"
time="2024-12-03T15:31:46+02:00" level=debug msg="create user" func="goresizer.com/m/internal/user/db.(*db).Create()" file="mongodb.go:22"
time="2024-12-03T15:31:46+02:00" level=debug msg="cinver InsertedID to ObjectID" func="goresizer.com/m/internal/user/db.(*db).Create()" file="mongodb.go:28"
time="2024-12-03T15:31:46+02:00" level=info msg=674f084253b5b7aeb662c513 func="main.main()" file="main.go:45"
time="2024-12-03T15:32:30+02:00" level=info msg="create router" func="main.main()" file="main.go:24"
time="2024-12-03T15:32:30+02:00" level=info msg="create router" func="main.main()" file="main.go:24"
time="2024-12-03T15:33:11+02:00" level=info msg="read app config" func="goresizer.com/m/internal/config.GetConfig.func1()" file="config.go:28"
time="2024-12-03T15:34:15+02:00" level=debug msg="create user" func="goresizer.com/m/internal/user/db.(*db).Create()" file="mongodb.go:22"
time="2024-12-03T15:34:15+02:00" level=debug msg="cinver InsertedID to ObjectID" func="goresizer.com/m/internal/user/db.(*db).Create()" file="mongodb.go:28"
time="2024-12-03T15:34:16+02:00" level=info msg=674f08d71cb87b86ff02706b func="main.main()" file="main.go:45"
time="2024-12-03T15:54:06+02:00" level=info msg="create router" func="main.main()" file="main.go:24"
time="2024-12-03T15:54:06+02:00" level=info msg="read app config" func="goresizer.com/m/internal/config.GetConfig.func1()" file="config.go:28"
time="2024-12-03T15:54:06+02:00" level=debug msg="create user" func="goresizer.com/m/internal/user/db.(*db).Create()" file="mongodb.go:22"
time="2024-12-03T15:54:06+02:00" level=debug msg="cinver InsertedID to ObjectID" func="goresizer.com/m/internal/user/db.(*db).Create()" file="mongodb.go:28"
time="2024-12-03T15:54:06+02:00" level=info msg=674f0d7ef72e40b340163ef1 func="main.main()" file="main.go:45"
time="2024-12-03T15:55:02+02:00" level=info msg="create router" func="main.main()" file="main.go:24"
time="2024-12-03T15:55:02+02:00" level=info msg="read app config" func="goresizer.com/m/internal/config.GetConfig.func1()" file="config.go:28"
time="2024-12-03T15:55:02+02:00" level=debug msg="create user" func="goresizer.com/m/internal/user/db.(*db).Create()" file="mongodb.go:22"
time="2024-12-03T15:55:02+02:00" level=debug msg="cinver InsertedID to ObjectID" func="goresizer.com/m/internal/user/db.(*db).Create()" file="mongodb.go:28"
time="2024-12-03T15:55:02+02:00" level=info msg=674f0db60de92344251ca2b0 func="main.main()" file="main.go:45"
time="2024-12-03T17:22:55+02:00" level=info msg="read app config" func="goresizer.com/m/internal/config.GetConfig.func1()" file="config.go:28"
time="2024-12-03T17:23:23+02:00" level=info msg="Server is running on port 8080" func="main.main()" file="main.go:44"
time="2024-12-03T17:27:35+02:00" level=debug msg="create user" func="goresizer.com/m/internal/user/db.(*db).Create()" file="mongodb.go:22"
time="2024-12-03T17:27:35+02:00" level=debug msg="cinver InsertedID to ObjectID" func="goresizer.com/m/internal/user/db.(*db).Create()" file="mongodb.go:28"
time="2024-12-03T19:49:12+02:00" level=info msg="read app config" func="goresizer.com/m/internal/config.GetConfig.func1()" file="config.go:28"
time="2024-12-03T19:49:12+02:00" level=info msg="Server is running on port 8080" func="main.main()" file="main.go:44"
time="2024-12-03T19:55:40+02:00" level=debug msg="create user" func="goresizer.com/m/internal/user/db.(*db).Create()" file="mongodb.go:22"
time="2024-12-03T19:55:40+02:00" level=debug msg="cinver InsertedID to ObjectID" func="goresizer.com/m/internal/user/db.(*db).Create()" file="mongodb.go:28"
time="2024-12-03T20:03:01+02:00" level=info msg="read app config" func="goresizer.com/m/internal/config.GetConfig.func1()" file="config.go:28"
time="2024-12-03T20:03:36+02:00" level=info msg="Server is running on port 8080" func="main.main()" file="main.go:44"
time="2024-12-03T20:06:50+02:00" level=info msg="read app config" func="goresizer.com/m/internal/config.GetConfig.func1()" file="config.go:28"
time="2024-12-03T20:06:50+02:00" level=info msg="Server is running on port 8080" func="main.main()" file="main.go:44"
time="2024-12-03T20:07:17+02:00" level=info msg="read app config" func="goresizer.com/m/internal/config.GetConfig.func1()" file="config.go:28"
time="2024-12-03T20:07:17+02:00" level=info msg="Server is running on port 8080" func="main.main()" file="main.go:44"
time="2024-12-03T20:07:31+02:00" level=info msg="read app config" func="goresizer.com/m/internal/config.GetConfig.func1()" file="config.go:28"
time="2024-12-03T21:05:42+02:00" level=info msg="read app config" func="goresizer.com/m/internal/config.GetConfig.func1()" file="config.go:28"
time="2024-12-03T21:05:42+02:00" level=info msg="Server is running on port 8080" func="main.main()" file="main.go:44"
time="2024-12-03T21:07:26+02:00" level=info msg="read app config" func="goresizer.com/m/internal/config.GetConfig.func1()" file="config.go:28"
time="2024-12-03T21:07:26+02:00" level=info msg="Server is running on port 8080" func="main.main()" file="main.go:44"
time="2024-12-03T21:18:00+02:00" level=info msg="read app config" func="goresizer.com/m/internal/config.GetConfig.func1()" file="config.go:28"
time="2024-12-03T21:18:00+02:00" level=info msg="Server is running on port 8080" func="main.main()" file="main.go:44"
time="2024-12-03T21:22:30+02:00" level=info msg="read app config" func="goresizer.com/m/internal/config.GetConfig.func1()" file="config.go:28"
time="2024-12-03T21:22:30+02:00" level=info msg="Server is running on port 8080" func="main.main()" file="main.go:44"
time="2024-12-03T21:23:03+02:00" level=info msg="read app config" func="goresizer.com/m/internal/config.GetConfig.func1()" file="config.go:28"
time="2024-12-03T21:23:03+02:00" level=info msg="Server is running on port 8080" func="main.main()" file="main.go:44"
time="2024-12-04T10:53:30+02:00" level=info msg="read app config" func="goresizer.com/m/internal/config.GetConfig.func1()" file="config.go:43"
time="2024-12-04T10:53:30+02:00" level=info func="goresizer.com/m/internal/config.GetConfig.func1()" file="config.go:47"
time="2024-12-04T10:53:30+02:00" level=fatal msg="config file parsing error: yaml: line 10: found a tab character that violates indentation" func="goresizer.com/m/internal/config.GetConfig.func1()" file="config.go:48"
time="2024-12-04T10:54:31+02:00" level=info msg="read app config" func="goresizer.com/m/internal/config.GetConfig.func1()" file="config.go:43"
time="2024-12-04T10:54:31+02:00" level=info func="goresizer.com/m/internal/config.GetConfig.func1()" file="config.go:47"
time="2024-12-04T10:54:31+02:00" level=fatal msg="config file parsing error: yaml: line 10: found a tab character that violates indentation" func="goresizer.com/m/internal/config.GetConfig.func1()" file="config.go:48"
time="2024-12-04T10:55:41+02:00" level=info msg="read app config" func="goresizer.com/m/internal/config.GetConfig.func1()" file="config.go:43"
time="2024-12-04T10:55:41+02:00" level=info func="goresizer.com/m/internal/config.GetConfig.func1()" file="config.go:47"
time="2024-12-04T10:55:41+02:00" level=fatal msg="config file parsing error: yaml: line 10: found a tab character that violates indentation" func="goresizer.com/m/internal/config.GetConfig.func1()" file="config.go:48"
time="2024-12-04T10:56:02+02:00" level=info msg="read app config" func="goresizer.com/m/internal/config.GetConfig.func1()" file="config.go:41"
time="2024-12-04T10:56:02+02:00" level=info msg="Server is running on port 8080" func="main.main()" file="main.go:44"
time="2024-12-04T11:00:49+02:00" level=info msg="read app config" func="goresizer.com/m/internal/config.GetConfig.func1()" file="config.go:41"
time="2024-12-04T11:00:49+02:00" level=info msg="Server is running on port 8080" func="main.main()" file="main.go:44"
time="2024-12-04T11:04:29+02:00" level=info msg="read app config" func="goresizer.com/m/internal/config.GetConfig.func1()" file="config.go:41"
time="2024-12-04T11:04:29+02:00" level=info msg="Server is running on port 8080" func="main.main()" file="main.go:44"
time="2024-12-04T11:05:29+02:00" level=info msg="read app config" func="goresizer.com/m/internal/config.GetConfig.func1()" file="config.go:41"
time="2024-12-04T11:05:29+02:00" level=info msg="Server is running on port 8080" func="main.main()" file="main.go:44"
time="2024-12-04T11:06:51+02:00" level=info msg="read app config" func="goresizer.com/m/internal/config.GetConfig.func1()" file="config.go:41"
time="2024-12-04T11:06:51+02:00" level=info msg="Server is running on port 8080" func="main.main()" file="main.go:44"
time="2024-12-04T11:07:35+02:00" level=info msg="read app config" func="goresizer.com/m/internal/config.GetConfig.func1()" file="config.go:41"
time="2024-12-04T11:07:35+02:00" level=info msg="Server is running on port 8080" func="main.main()" file="main.go:44"
time="2024-12-04T11:09:46+02:00" level=info msg="read app config" func="goresizer.com/m/internal/config.GetConfig.func1()" file="config.go:41"
time="2024-12-04T11:09:46+02:00" level=info msg="Server is running on port 8080" func="main.main()" file="main.go:44"
time="2024-12-04T11:11:14+02:00" level=info msg="read app config" func="goresizer.com/m/internal/config.GetConfig.func1()" file="config.go:41"
time="2024-12-04T11:11:14+02:00" level=info msg="Server is running on port 8080" func="main.main()" file="main.go:44"
time="2024-12-04T11:12:22+02:00" level=info msg="read app config" func="goresizer.com/m/internal/config.GetConfig.func1()" file="config.go:41"
time="2024-12-04T11:12:22+02:00" level=info msg="Server is running on port 8080" func="main.main()" file="main.go:44"
time="2024-12-04T11:14:01+02:00" level=info msg="read app config" func="goresizer.com/m/internal/config.GetConfig.func1()" file="config.go:41"
time="2024-12-04T11:14:01+02:00" level=info msg="Server is running on port 8080" func="main.main()" file="main.go:44"
time="2024-12-04T11:14:36+02:00" level=info msg="read app config" func="goresizer.com/m/internal/config.GetConfig.func1()" file="config.go:41"
time="2024-12-04T11:14:36+02:00" level=info msg="Server is running on port 8080" func="main.main()" file="main.go:44"
time="2024-12-04T11:17:37+02:00" level=info msg="read app config" func="goresizer.com/m/internal/config.GetConfig.func1()" file="config.go:41"
time="2024-12-04T11:17:37+02:00" level=info msg="Server is running on port 8080" func="main.main()" file="main.go:46"
time="2024-12-04T11:18:28+02:00" level=info msg="read app config" func="goresizer.com/m/internal/config.GetConfig.func1()" file="config.go:41"
time="2024-12-04T11:18:28+02:00" level=info msg="Server is running on port 8080" func="main.main()" file="main.go:44"
time="2024-12-04T11:18:43+02:00" level=info msg="read app config" func="goresizer.com/m/internal/config.GetConfig.func1()" file="config.go:41"
time="2024-12-04T11:18:43+02:00" level=info msg="Server is running on port 8080" func="main.main()" file="main.go:44"
time="2024-12-04T11:19:17+02:00" level=info msg="read app config" func="goresizer.com/m/internal/config.GetConfig.func1()" file="config.go:41"
time="2024-12-04T11:19:17+02:00" level=info msg="Server is running on port 8080" func="main.main()" file="main.go:44"
time="2024-12-04T11:20:00+02:00" level=info msg="read app config" func="goresizer.com/m/internal/config.GetConfig.func1()" file="config.go:41"
time="2024-12-04T11:20:00+02:00" level=info msg="Server is running on port 8080" func="main.main()" file="main.go:44"
time="2024-12-04T11:22:28+02:00" level=info msg="read app config" func="goresizer.com/m/internal/config.GetConfig.func1()" file="config.go:41"
time="2024-12-04T11:22:28+02:00" level=info msg="Server is running on port 8080" func="main.main()" file="main.go:44"
time="2024-12-04T11:24:20+02:00" level=info msg="read app config" func="goresizer.com/m/internal/config.GetConfig.func1()" file="config.go:41"
time="2024-12-04T11:24:20+02:00" level=info msg="Server is running on port 8080" func="main.main()" file="main.go:44"
time="2024-12-04T11:25:30+02:00" level=info msg="read app config" func="goresizer.com/m/internal/config.GetConfig.func1()" file="config.go:41"
time="2024-12-04T11:25:30+02:00" level=info msg="Server is running on port 8080" func="main.main()" file="main.go:44"
time="2024-12-04T11:25:50+02:00" level=info msg="read app config" func="goresizer.com/m/internal/config.GetConfig.func1()" file="config.go:41"
time="2024-12-04T11:25:50+02:00" level=info msg="Server is running on port 8080" func="main.main()" file="main.go:44"
time="2024-12-04T11:27:11+02:00" level=info msg="read app config" func="goresizer.com/m/internal/config.GetConfig.func1()" file="config.go:41"
time="2024-12-04T11:27:11+02:00" level=info msg="Server is running on port 8080" func="main.main()" file="main.go:44"
time="2024-12-04T11:34:10+02:00" level=info msg="read app config" func="goresizer.com/m/internal/config.GetConfig.func1()" file="config.go:41"
time="2024-12-04T11:34:10+02:00" level=info msg="Server is running on port 8080" func="main.main()" file="main.go:44"
time="2024-12-04T11:35:36+02:00" level=info msg="read app config" func="goresizer.com/m/internal/config.GetConfig.func1()" file="config.go:41"
time="2024-12-04T11:35:36+02:00" level=info msg="Server is running on port 8080" func="main.main()" file="main.go:44"
time="2024-12-04T11:48:36+02:00" level=info msg="read app config" func="goresizer.com/m/internal/config.GetConfig.func1()" file="config.go:41"
time="2024-12-04T11:48:36+02:00" level=info msg="Server is running on port 8080" func="main.main()" file="main.go:41"
time="2024-12-04T11:52:46+02:00" level=info msg="read app config" func="goresizer.com/m/internal/config.GetConfig.func1()" file="config.go:41"
time="2024-12-04T11:52:46+02:00" level=info msg="Server is running on port 8080" func="main.main()" file="main.go:40"
time="2024-12-04T12:06:57+02:00" level=info msg="read app config" func="goresizer.com/m/internal/config.GetConfig.func1()" file="config.go:43"
time="2024-12-04T12:06:57+02:00" level=info msg="Looking for config file at: /tmp/go-build1899719530/b001/config.yml" func="goresizer.com/m/internal/config.GetConfig.func1()" file="config.go:54"
time="2024-12-04T12:06:57+02:00" level=info func="goresizer.com/m/internal/config.GetConfig.func1()" file="config.go:58"
time="2024-12-04T12:06:57+02:00" level=fatal msg="open /tmp/go-build1899719530/b001/config.yml: no such file or directory" func="goresizer.com/m/internal/config.GetConfig.func1()" file="config.go:59"
time="2024-12-04T12:09:43+02:00" level=info msg="read app config" func="goresizer.com/m/internal/config.GetConfig.func1()" file="config.go:43"
time="2024-12-04T12:09:43+02:00" level=info msg="Looking for config file at: /tmp/go-build1487642710/b001/config.yml" func="goresizer.com/m/internal/config.GetConfig.func1()" file="config.go:54"
time="2024-12-04T12:09:43+02:00" level=info func="goresizer.com/m/internal/config.GetConfig.func1()" file="config.go:58"
time="2024-12-04T12:09:43+02:00" level=fatal msg="open /tmp/go-build1487642710/b001/config.yml: no such file or directory" func="goresizer.com/m/internal/config.GetConfig.func1()" file="config.go:59"
time="2024-12-04T12:10:15+02:00" level=info msg="read app config" func="goresizer.com/m/internal/config.GetConfig.func1()" file="config.go:41"
time="2024-12-04T12:10:15+02:00" level=info msg="Server is running on port 8080" func="main.main()" file="main.go:43"
time="2024-12-04T12:11:18+02:00" level=info msg="read app config" func="goresizer.com/m/internal/config.GetConfig.func1()" file="config.go:41"
time="2024-12-04T12:11:18+02:00" level=info msg="Server is running on port 8080" func="main.main()" file="main.go:43"
time="2024-12-04T12:15:01+02:00" level=info msg="read app config" func="goresizer.com/m/internal/config.GetConfig.func1()" file="config.go:41"
time="2024-12-04T12:15:01+02:00" level=info msg="Server is running on port 8080" func="main.main()" file="main.go:43"
time="2024-12-04T10:45:04Z" level=info msg="read app config" func="goresizer.com/m/internal/config.GetConfig.func1()" file="config.go:41"
time="2024-12-04T10:45:04Z" level=info msg="read app config" func="goresizer.com/m/internal/config.GetConfig.func1()" file="config.go:41"
time="2024-12-04T10:51:14Z" level=info msg="read app config" func="goresizer.com/m/internal/config.GetConfig.func1()" file="config.go:41"
time="2024-12-04T10:51:14Z" level=info msg="read app config" func="goresizer.com/m/internal/config.GetConfig.func1()" file="config.go:41"
time="2024-12-04T12:52:57+02:00" level=info msg="read app config" func="goresizer.com/m/internal/config.GetConfig.func1()" file="config.go:41"
time="2024-12-04T12:52:57+02:00" level=info msg="Server is running on port 8080" func="main.main()" file="main.go:43"
time="2024-12-04T12:55:59+02:00" level=info msg="read app config" func="goresizer.com/m/internal/config.GetConfig.func1()" file="config.go:41"
time="2024-12-04T12:55:59+02:00" level=info msg="Server is running on port 8080" func="main.main()" file="main.go:43"
time="2024-12-04T12:56:37+02:00" level=info msg="read app config" func="goresizer.com/m/internal/config.GetConfig.func1()" file="config.go:41"
time="2024-12-04T12:56:37+02:00" level=info msg="Server is running on port 8080" func="main.main()" file="main.go:43"
time="2024-12-04T10:58:02Z" level=info msg="read app config" func="goresizer.com/m/internal/config.GetConfig.func1()" file="config.go:41"
time="2024-12-04T10:58:02Z" level=info msg="read app config" func="goresizer.com/m/internal/config.GetConfig.func1()" file="config.go:41"
time="2024-12-04T10:59:37Z" level=info msg="read app config" func="goresizer.com/m/internal/config.GetConfig.func1()" file="config.go:41"
time="2024-12-04T10:59:37Z" level=info msg="read app config" func="goresizer.com/m/internal/config.GetConfig.func1()" file="config.go:41"
time="2024-12-04T13:02:25+02:00" level=info msg="Читання конфігурації програми" func="goresizer.com/m/internal/config.GetConfig.func1()" file="config.go:41"
time="2024-12-04T13:02:25+02:00" level=info msg="Спроба завантажити конфігурацію з файлу: config.yml" func="goresizer.com/m/internal/config.GetConfig.func1()" file="config.go:52"
time="2024-12-04T13:02:25+02:00" level=info msg="Конфігурацію успішно завантажено з: config.yml" func="goresizer.com/m/internal/config.GetConfig.func1()" file="config.go:55"
time="2024-12-04T13:02:25+02:00" level=info msg="Server is running on port 8080" func="main.main()" file="main.go:43"
time="2024-12-04T11:03:36Z" level=info msg="Читання конфігурації програми" func="goresizer.com/m/internal/config.GetConfig.func1()" file="config.go:41"
time="2024-12-04T11:03:36Z" level=info msg="Спроба завантажити конфігурацію з файлу: config.yml" func="goresizer.com/m/internal/config.GetConfig.func1()" file="config.go:52"
time="2024-12-04T11:03:36Z" level=info msg="Конфігурацію успішно завантажено з: config.yml" func="goresizer.com/m/internal/config.GetConfig.func1()" file="config.go:55"
time="2024-12-04T11:03:36Z" level=info msg="Читання конфігурації програми" func="goresizer.com/m/internal/config.GetConfig.func1()" file="config.go:41"
time="2024-12-04T11:03:36Z" level=info msg="Спроба завантажити конфігурацію з файлу: config.yml" func="goresizer.com/m/internal/config.GetConfig.func1()" file="config.go:52"
time="2024-12-04T11:03:36Z" level=info msg="Конфігурацію успішно завантажено з: config.yml" func="goresizer.com/m/internal/config.GetConfig.func1()" file="config.go:55"
time="2024-12-04T11:07:33Z" level=info msg="Читання конфігурації програми" func="goresizer.com/m/internal/config.GetConfig.func1()" file="config.go:41"
time="2024-12-04T11:07:33Z" level=info msg="Спроба завантажити конфігурацію з файлу: config.yml" func="goresizer.com/m/internal/config.GetConfig.func1()" file="config.go:52"
time="2024-12-04T11:07:33Z" level=info msg="Конфігурацію успішно завантажено з: config.yml" func="goresizer.com/m/internal/config.GetConfig.func1()" file="config.go:55"
time="2024-12-04T11:07:33Z" level=info msg="Читання конфігурації програми" func="goresizer.com/m/internal/config.GetConfig.func1()" file="config.go:41"
time="2024-12-04T11:07:33Z" level=info msg="Спроба завантажити конфігурацію з файлу: config.yml" func="goresizer.com/m/internal/config.GetConfig.func1()" file="config.go:52"
time="2024-12-04T11:07:33Z" level=info msg="Конфігурацію успішно завантажено з: config.yml" func="goresizer.com/m/internal/config.GetConfig.func1()" file="config.go:55"
time="2024-12-04T11:10:52Z" level=info msg="Ініціалізація конфігурації..." func="goresizer.com/m/internal/config.GetConfig.func1()" file="config.go:41"
time="2024-12-04T11:10:52Z" level=info msg="Спроба завантажити конфігурацію з файлу: config.yml" func="goresizer.com/m/internal/config.GetConfig.func1()" file="config.go:47"
time="2024-12-04T11:10:52Z" level=info msg="Конфігурація успішно завантажена з: config.yml" func="goresizer.com/m/internal/config.GetConfig.func1()" file="config.go:50"
time="2024-12-04T11:10:52Z" level=info msg="Ініціалізація конфігурації..." func="goresizer.com/m/internal/config.GetConfig.func1()" file="config.go:41"
time="2024-12-04T11:10:52Z" level=info msg="Спроба завантажити конфігурацію з файлу: config.yml" func="goresizer.com/m/internal/config.GetConfig.func1()" file="config.go:47"
time="2024-12-04T11:10:52Z" level=info msg="Конфігурація успішно завантажена з: config.yml" func="goresizer.com/m/internal/config.GetConfig.func1()" file="config.go:50"
time="2024-12-04T11:12:23Z" level=info msg="Ініціалізація конфігурації..." func="goresizer.com/m/internal/config.GetConfig.func1()" file="config.go:41"
time="2024-12-04T11:12:23Z" level=info msg="Спроба завантажити конфігурацію з файлу: config.yml" func="goresizer.com/m/internal/config.GetConfig.func1()" file="config.go:47"
time="2024-12-04T11:12:23Z" level=info msg="Конфігурація успішно завантажена з: config.yml" func="goresizer.com/m/internal/config.GetConfig.func1()" file="config.go:50"
time="2024-12-04T11:13:01Z" level=info msg="Ініціалізація конфігурації..." func="goresizer.com/m/internal/config.GetConfig.func1()" file="config.go:41"
time="2024-12-04T11:13:01Z" level=info msg="Спроба завантажити конфігурацію з файлу: config.yml" func="goresizer.com/m/internal/config.GetConfig.func1()" file="config.go:47"
time="2024-12-04T11:13:01Z" level=info msg="Конфігурація успішно завантажена з: config.yml" func="goresizer.com/m/internal/config.GetConfig.func1()" file="config.go:50"
time="2024-12-04T13:19:53+02:00" level=info msg="Ініціалізація конфігурації..." func="goresizer.com/m/internal/config.GetConfig.func1()" file="config.go:41"
time="2024-12-04T13:19:53+02:00" level=info msg="Спроба завантажити конфігурацію з файлу: config.yml" func="goresizer.com/m/internal/config.GetConfig.func1()" file="config.go:47"
time="2024-12-04T13:19:53+02:00" level=info msg="Конфігурація успішно завантажена з: config.yml" func="goresizer.com/m/internal/config.GetConfig.func1()" file="config.go:50"
time="2024-12-04T13:19:55+02:00" level=info msg="Server is running on port 8080" func="main.main()" file="main.go:46"
time="2024-12-04T13:21:09+02:00" level=info msg="read app config" func="goresizer.com/m/internal/config.GetConfig.func1()" file="config.go:41"
time="2024-12-04T13:21:09+02:00" level=info msg="Server is running on port 8080" func="main.main()" file="main.go:46"
time="2024-12-04T13:23:13+02:00" level=info msg="read app config" func="goresizer.com/m/internal/config.GetConfig.func1()" file="config.go:41"
time="2024-12-04T13:23:13+02:00" level=info msg="Server is running on port 8080" func="main.main()" file="main.go:46"
time="2024-12-04T13:24:45+02:00" level=info msg="read app config" func="goresizer.com/m/internal/config.GetConfig.func1()" file="config.go:41"
time="2024-12-04T13:24:45+02:00" level=info msg="read app config" func="goresizer.com/m/internal/config.GetConfig.func1()" file="config.go:41"
time="2024-12-04T13:24:45+02:00" level=info msg="Server is running on port 8080" func="main.main()" file="main.go:46"
